Traceback (most recent call last):
  File "/Users/moh/micromamba/envs/mom1env/lib/python3.8/site-packages/jupyter_cache/executors/utils.py", line 58, in single_nb_execution
    executenb(
  File "/Users/moh/micromamba/envs/mom1env/lib/python3.8/site-packages/nbclient/client.py", line 1305, in execute
    return NotebookClient(nb=nb, resources=resources, km=km, **kwargs).execute()
  File "/Users/moh/micromamba/envs/mom1env/lib/python3.8/site-packages/jupyter_core/utils/__init__.py", line 166, in wrapped
    return loop.run_until_complete(inner)
  File "/Users/moh/micromamba/envs/mom1env/lib/python3.8/asyncio/base_events.py", line 616, in run_until_complete
    return future.result()
  File "/Users/moh/micromamba/envs/mom1env/lib/python3.8/site-packages/nbclient/client.py", line 705, in async_execute
    await self.async_execute_cell(
  File "/Users/moh/micromamba/envs/mom1env/lib/python3.8/site-packages/nbclient/client.py", line 1058, in async_execute_cell
    await self._check_raise_for_error(cell, cell_index, exec_reply)
  File "/Users/moh/micromamba/envs/mom1env/lib/python3.8/site-packages/nbclient/client.py", line 914, in _check_raise_for_error
    raise CellExecutionError.from_cell_and_msg(cell, exec_reply_content)
nbclient.exceptions.CellExecutionError: An error occurred while executing the following cell:
------------------
BEGIN TQC Engineering

    FUNCTION create2DSystem(material)
        IF material == "graphene" THEN
            RETURN fabricatedGrapheneSheet()
        ELSE
            RETURN other2DMaterial(material)
        END IF
    END FUNCTION

    FUNCTION employLithography(system)
        lithographicSetup <- initializeLithographicEquipment()
        RETURN lithographicSetup.etchNanostructures(system)
    END FUNCTION

    FUNCTION constructHeterostructures()
        materials <- ["Material1", "Material2", "Material3"]
        LAYER materials onto QuantumSystem
        RETURN QuantumWell()
    END FUNCTION

    FUNCTION applyNER()
        NEREquipment <- initializeNEREquipment()
        qubits <- retrieveTopologicalQubits()
        RETURN NEREquipment.correctErrors(qubits)
    END FUNCTION

    FUNCTION integrateTimeCrystals(system)
        timeCrystalMatrix <- createTimeCrystalMatrix()
        EMBED system INTO timeCrystalMatrix
        RETURN EnhancedSystem()
    END FUNCTION

    FUNCTION implementInterferometry(system)
        interferometer <- initializeInterferometer()
        RETURN interferometer.detectAnyons(system)
    END FUNCTION

    // Main Execution
    quantumSystem <- create2DSystem("graphene")
    nanoStructures <- employLithography(quantumSystem)
    quantumWell <- constructHeterostructures()
    correctedQubits <- applyNER()
    enhancedSystem <- integrateTimeCrystals(quantumSystem)
    detectedAnyons <- implementInterferometry(quantumSystem)

    PRINT "TQC Engineering Complete!"

END TQC Engineering
------------------


[0;36m  Cell [0;32mIn[1], line 1[0;36m[0m
[0;31m    BEGIN TQC Engineering[0m
[0m          ^[0m
[0;31mSyntaxError[0m[0;31m:[0m invalid syntax


