Traceback (most recent call last):
  File "/Users/moh/micromamba/envs/mom1env/lib/python3.8/site-packages/jupyter_cache/executors/utils.py", line 58, in single_nb_execution
    executenb(
  File "/Users/moh/micromamba/envs/mom1env/lib/python3.8/site-packages/nbclient/client.py", line 1305, in execute
    return NotebookClient(nb=nb, resources=resources, km=km, **kwargs).execute()
  File "/Users/moh/micromamba/envs/mom1env/lib/python3.8/site-packages/jupyter_core/utils/__init__.py", line 166, in wrapped
    return loop.run_until_complete(inner)
  File "/Users/moh/micromamba/envs/mom1env/lib/python3.8/asyncio/base_events.py", line 616, in run_until_complete
    return future.result()
  File "/Users/moh/micromamba/envs/mom1env/lib/python3.8/site-packages/nbclient/client.py", line 705, in async_execute
    await self.async_execute_cell(
  File "/Users/moh/micromamba/envs/mom1env/lib/python3.8/site-packages/nbclient/client.py", line 1058, in async_execute_cell
    await self._check_raise_for_error(cell, cell_index, exec_reply)
  File "/Users/moh/micromamba/envs/mom1env/lib/python3.8/site-packages/nbclient/client.py", line 914, in _check_raise_for_error
    raise CellExecutionError.from_cell_and_msg(cell, exec_reply_content)
nbclient.exceptions.CellExecutionError: An error occurred while executing the following cell:
------------------
data = {
    "name": "Quantum Computers",
    "children": [
        {
            "name": "Spin Qubit",
            "description": "Utilizes the spin of electrons to represent qubits.",
            "children": [
                {"name": "Silicon Spin Qubits", "description": "Operate in silicon."},
                {"name": "Quantum Dot Spin Qubits", "description": "Operate using quantum dots."}
            ]
        },
        {
            "name": "Photonic",
            "description": "Uses photons for computation, inherently quantum in nature."
        },
        {
            "name": "NV Center",
            "description": "Uses nitrogen vacancy centers in diamond."
        },
        {
            "name": "Superconducting",
            "description": "Uses circuits made of superconducting materials.",
            "children": [
                {"name": "Transmon Qubits", "description": "A type of superconducting qubit."},
                {"name": "Flux Qubits", "description": "Another type of superconducting qubit."}
            ]
        },
        {
            "name": "Topological",
            "description": "Uses anyons and braiding for computation.",
            "children": [
                {"name": "Anyons", "description": "Quasiparticles used in topological quantum computing."}
            ]
        }
    ]
}

# Increase factor

width_increase = 1.3
height_increase = 1.3

# Adjusted width and height

adjusted_width = base_width *width_increase
adjusted_height = base_height* height_increase

# Treemap

fig1 = px.treemap(df, path=['parent', 'id'], values='value', color='id',
                  title="Types of Quantum Computers Treemap",
                  hover_data=['description'],
                  color_discrete_sequence=px.colors.qualitative.Set3)
fig1.update_layout(width=adjusted_width, height=adjusted_height)
fig1.show()

# Sunburst

fig2 = px.sunburst(df, path=['parent', 'id'], values='value', color='id',
                   title="Types of Quantum Computers Sunburst",
                   hover_data=['description'],
                   color_discrete_sequence=px.colors.qualitative.Set3)
fig2.update_layout(width=adjusted_width, height=adjusted_height)
fig2.show()

------------------


[0;31m---------------------------------------------------------------------------[0m
[0;31mNameError[0m                                 Traceback (most recent call last)
Cell [0;32mIn[1], line 45[0m
[1;32m     41[0m height_increase [38;5;241m=[39m [38;5;241m1.3[39m
[1;32m     43[0m [38;5;66;03m# Adjusted width and height[39;00m
[0;32m---> 45[0m adjusted_width [38;5;241m=[39m [43mbase_width[49m [38;5;241m*[39mwidth_increase
[1;32m     46[0m adjusted_height [38;5;241m=[39m base_height[38;5;241m*[39m height_increase
[1;32m     48[0m [38;5;66;03m# Treemap[39;00m

[0;31mNameError[0m: name 'base_width' is not defined

