Traceback (most recent call last):
  File "/Users/moh/micromamba/envs/mom1env/lib/python3.8/site-packages/jupyter_cache/executors/utils.py", line 58, in single_nb_execution
    executenb(
  File "/Users/moh/micromamba/envs/mom1env/lib/python3.8/site-packages/nbclient/client.py", line 1305, in execute
    return NotebookClient(nb=nb, resources=resources, km=km, **kwargs).execute()
  File "/Users/moh/micromamba/envs/mom1env/lib/python3.8/site-packages/jupyter_core/utils/__init__.py", line 166, in wrapped
    return loop.run_until_complete(inner)
  File "/Users/moh/micromamba/envs/mom1env/lib/python3.8/asyncio/base_events.py", line 616, in run_until_complete
    return future.result()
  File "/Users/moh/micromamba/envs/mom1env/lib/python3.8/site-packages/nbclient/client.py", line 705, in async_execute
    await self.async_execute_cell(
  File "/Users/moh/micromamba/envs/mom1env/lib/python3.8/site-packages/nbclient/client.py", line 1058, in async_execute_cell
    await self._check_raise_for_error(cell, cell_index, exec_reply)
  File "/Users/moh/micromamba/envs/mom1env/lib/python3.8/site-packages/nbclient/client.py", line 914, in _check_raise_for_error
    raise CellExecutionError.from_cell_and_msg(cell, exec_reply_content)
nbclient.exceptions.CellExecutionError: An error occurred while executing the following cell:
------------------
from qiskit.aqua import get_aer_backend, QuantumInstance
from qiskit.aqua.algorithms import QAOA
from qiskit.aqua.components.optimizers import COBYLA
from qiskit.aqua.translators.ising import max_cut
------------------


[0;31m---------------------------------------------------------------------------[0m
[0;31mModuleNotFoundError[0m                       Traceback (most recent call last)
Cell [0;32mIn[3], line 1[0m
[0;32m----> 1[0m [38;5;28;01mfrom[39;00m [38;5;21;01mqiskit[39;00m[38;5;21;01m.[39;00m[38;5;21;01maqua[39;00m [38;5;28;01mimport[39;00m get_aer_backend, QuantumInstance
[1;32m      2[0m [38;5;28;01mfrom[39;00m [38;5;21;01mqiskit[39;00m[38;5;21;01m.[39;00m[38;5;21;01maqua[39;00m[38;5;21;01m.[39;00m[38;5;21;01malgorithms[39;00m [38;5;28;01mimport[39;00m QAOA
[1;32m      3[0m [38;5;28;01mfrom[39;00m [38;5;21;01mqiskit[39;00m[38;5;21;01m.[39;00m[38;5;21;01maqua[39;00m[38;5;21;01m.[39;00m[38;5;21;01mcomponents[39;00m[38;5;21;01m.[39;00m[38;5;21;01moptimizers[39;00m [38;5;28;01mimport[39;00m COBYLA

[0;31mModuleNotFoundError[0m: No module named 'qiskit.aqua'

